<?xml version="1.0" encoding="UTF-8"?>
<!-- Generated by org.testng.reporters.JUnitReportReporter -->
<testsuite skipped="0" hostname="SurajMishra" name="com.TestPackage.OrderBookTest" tests="1" failures="0" timestamp="2021-02-20T08:04:13 IST" time="9.490" errors="0">
  <testcase name="start" time="9.490" classname="com.TestPackage.OrderBookTest"/>
  <system-out/>
</testsuite> <!-- com.TestPackage.OrderBookTest -->
